In file included from [01m[K/home/fri/Documents/julia/catkin_ws/src/opencv_hw/src/opencv_hw.cpp:3:0[m[K:
[01m[K/home/fri/Documents/julia/catkin_ws/src/opencv_hw/include/opencv_hw/ROSInterface.h:21:33:[m[K [01;31m[Kerror: [m[KISO C++ forbids declaration of â€˜[01m[KRosInterface[m[Kâ€™ with no type [[01;31m[K-fpermissive[m[K]
     RosInterface(ColorFilter obj[01;31m[K)[m[K;
                                 [01;31m[K^[m[K
[01m[K/home/fri/Documents/julia/catkin_ws/src/opencv_hw/include/opencv_hw/ROSInterface.h:23:10:[m[K [01;31m[Kerror: [m[Kextra qualification â€˜[01m[KROSInterface::[m[Kâ€™ on member â€˜[01m[KimageCb[m[Kâ€™ [[01;31m[K-fpermissive[m[K]
     void [01;31m[KROSInterface[m[K::imageCb(const sensor_msgs::ImageConstPtr& msg);
          [01;31m[K^~~~~~~~~~~~[m[K
[01m[K/home/fri/Documents/julia/catkin_ws/src/opencv_hw/src/opencv_hw.cpp:[m[K In function â€˜[01m[Kint main(int, char**)[m[Kâ€™:
[01m[K/home/fri/Documents/julia/catkin_ws/src/opencv_hw/src/opencv_hw.cpp:9:29:[m[K [01;31m[Kerror: [m[Kno matching function for call to â€˜[01m[KROSInterface::ROSInterface(ColorFilter&)[m[Kâ€™
   ROSInterface  ic(newColors[01;31m[K)[m[K;
                             [01;31m[K^[m[K
In file included from [01m[K/home/fri/Documents/julia/catkin_ws/src/opencv_hw/src/opencv_hw.cpp:3:0[m[K:
[01m[K/home/fri/Documents/julia/catkin_ws/src/opencv_hw/include/opencv_hw/ROSInterface.h:9:7:[m[K [01;36m[Knote: [m[Kcandidate: ROSInterface::ROSInterface(const ROSInterface&)
 class [01;36m[KROSInterface[m[K {
       [01;36m[K^~~~~~~~~~~~[m[K
[01m[K/home/fri/Documents/julia/catkin_ws/src/opencv_hw/include/opencv_hw/ROSInterface.h:9:7:[m[K [01;36m[Knote: [m[K  no known conversion for argument 1 from â€˜[01m[KColorFilter[m[Kâ€™ to â€˜[01m[Kconst ROSInterface&[m[Kâ€™
In file included from [01m[K/home/fri/Documents/julia/catkin_ws/src/opencv_hw/src/ROSInterface.cpp:2:0[m[K:
[01m[K/home/fri/Documents/julia/catkin_ws/src/opencv_hw/include/opencv_hw/ROSInterface.h:21:33:[m[K [01;31m[Kerror: [m[KISO C++ forbids declaration of â€˜[01m[KRosInterface[m[Kâ€™ with no type [[01;31m[K-fpermissive[m[K]
     RosInterface(ColorFilter obj[01;31m[K)[m[K;
                                 [01;31m[K^[m[K
[01m[K/home/fri/Documents/julia/catkin_ws/src/opencv_hw/include/opencv_hw/ROSInterface.h:23:10:[m[K [01;31m[Kerror: [m[Kextra qualification â€˜[01m[KROSInterface::[m[Kâ€™ on member â€˜[01m[KimageCb[m[Kâ€™ [[01;31m[K-fpermissive[m[K]
     void [01;31m[KROSInterface[m[K::imageCb(const sensor_msgs::ImageConstPtr& msg);
          [01;31m[K^~~~~~~~~~~~[m[K
[01m[K/home/fri/Documents/julia/catkin_ws/src/opencv_hw/src/ROSInterface.cpp:7:28:[m[K [01;31m[Kerror: [m[Kexpected â€˜[01m[K)[m[Kâ€™ before â€˜[01m[Kobj[m[Kâ€™
   ROSInterface(ColorFilter [01;31m[Kobj[m[K) : _it(_nh)  {
                            [01;31m[K^~~[m[K
[01m[K/home/fri/Documents/julia/catkin_ws/src/opencv_hw/src/ROSInterface.cpp:18:17:[m[K [01;31m[Kerror: [m[Kdeclaration of â€˜[01m[K~ROSInterface[m[Kâ€™ as non-member
   ~ROSInterface([01;31m[K)[m[K {
                 [01;31m[K^[m[K
[01m[K/home/fri/Documents/julia/catkin_ws/src/opencv_hw/src/ROSInterface.cpp:[m[K In function â€˜[01m[Kvoid imageCb(const ImageConstPtr&)[m[Kâ€™:
[01m[K/home/fri/Documents/julia/catkin_ws/src/opencv_hw/src/ROSInterface.cpp:29:5:[m[K [01;31m[Kerror: [m[Kâ€˜[01m[Kobject[m[Kâ€™ was not declared in this scope
     [01;31m[Kobject[m[K.processImage(cv_ptr->image);
     [01;31m[K^~~~~~[m[K
[01m[K/home/fri/Documents/julia/catkin_ws/src/opencv_hw/src/ROSInterface.cpp:29:5:[m[K [01;36m[Knote: [m[Ksuggested alternative: â€˜[01m[KcvRect[m[Kâ€™
     [01;36m[Kobject[m[K.processImage(cv_ptr->image);
     [01;36m[K^~~~~~[m[K
     [32m[KcvRect[m[K
[01m[K/home/fri/Documents/julia/catkin_ws/src/opencv_hw/src/ROSInterface.cpp:50:9:[m[K [01;31m[Kerror: [m[Kâ€˜[01m[K_green[m[Kâ€™ was not declared in this scope
         [01;31m[K_green[m[K.publish(msg);
         [01;31m[K^~~~~~[m[K
[01m[K/home/fri/Documents/julia/catkin_ws/src/opencv_hw/src/ROSInterface.cpp:50:9:[m[K [01;36m[Knote: [m[Ksuggested alternative: â€˜[01m[Kmbrlen[m[Kâ€™
         [01;36m[K_green[m[K.publish(msg);
         [01;36m[K^~~~~~[m[K
         [32m[Kmbrlen[m[K
[01m[K/home/fri/Documents/julia/catkin_ws/src/opencv_hw/src/ROSInterface.cpp:63:9:[m[K [01;31m[Kerror: [m[Kâ€˜[01m[K_blue[m[Kâ€™ was not declared in this scope
         [01;31m[K_blue[m[K.publish(msg);
         [01;31m[K^~~~~[m[K
[01m[K/home/fri/Documents/julia/catkin_ws/src/opencv_hw/src/ROSInterface.cpp:76:9:[m[K [01;31m[Kerror: [m[Kâ€˜[01m[K_red[m[Kâ€™ was not declared in this scope
         [01;31m[K_red[m[K.publish(msg);
         [01;31m[K^~~~[m[K
[01m[K/home/fri/Documents/julia/catkin_ws/src/opencv_hw/src/ROSInterface.cpp:76:9:[m[K [01;36m[Knote: [m[Ksuggested alternative: â€˜[01m[Kpread[m[Kâ€™
         [01;36m[K_red[m[K.publish(msg);
         [01;36m[K^~~~[m[K
         [32m[Kpread[m[K
[01m[K/home/fri/Documents/julia/catkin_ws/src/opencv_hw/src/ROSInterface.cpp:90:9:[m[K [01;31m[Kerror: [m[Kâ€˜[01m[K_bgr[m[Kâ€™ was not declared in this scope
         [01;31m[K_bgr[m[K.publish(msg);
         [01;31m[K^~~~[m[K
make[2]: *** [CMakeFiles/opencv_hw.dir/src/opencv_hw.cpp.o] Error 1
make[2]: *** Waiting for unfinished jobs....
make[2]: *** [CMakeFiles/opencv_hw.dir/src/ROSInterface.cpp.o] Error 1
make[1]: *** [CMakeFiles/opencv_hw.dir/all] Error 2
make: *** [all] Error 2
