[35m[1mScanning dependencies of target opencv_hw[0m
[ 25%] [32mBuilding CXX object CMakeFiles/opencv_hw.dir/src/opencv_hw.cpp.o[0m
[ 50%] [32mBuilding CXX object CMakeFiles/opencv_hw.dir/src/ROSInterface.cpp.o[0m
[01m[K/home/fri/Documents/julia/catkin_ws/src/opencv_hw/src/ROSInterface.cpp:[m[K In constructor â€˜[01m[KROSInterface::ROSInterface()[m[Kâ€™:
[01m[K/home/fri/Documents/julia/catkin_ws/src/opencv_hw/src/ROSInterface.cpp:17:31:[m[K [01;31m[Kerror: [m[Kno matching function for call to â€˜[01m[KROSInterface::ROSInterface()[m[Kâ€™
   ROSInterface::~ROSInterface([01;31m[K)[m[K {}
                               [01;31m[K^[m[K
In file included from [01m[K/home/fri/Documents/julia/catkin_ws/src/opencv_hw/src/ROSInterface.cpp:2:0[m[K:
[01m[K/home/fri/Documents/julia/catkin_ws/src/opencv_hw/include/opencv_hw/ROSInterface.h:30:5:[m[K [01;36m[Knote: [m[Kcandidate: ROSInterface::~ROSInterface()
     [01;36m[K~[m[KROSInterface();
     [01;36m[K^[m[K
[01m[K/home/fri/Documents/julia/catkin_ws/src/opencv_hw/include/opencv_hw/ROSInterface.h:30:5:[m[K [01;36m[Knote: [m[K  candidate expects 1 argument, 0 provided
[01m[K/home/fri/Documents/julia/catkin_ws/src/opencv_hw/src/ROSInterface.cpp:19:29:[m[K [01;31m[Kerror: [m[Kqualified-id in declaration before â€˜[01m[K([m[Kâ€™ token
   void ROSInterface::imageCb[01;31m[K([m[Kconst sensor_msgs::ImageConstPtr& msg) {
                             [01;31m[K^[m[K
[01m[K/home/fri/Documents/julia/catkin_ws/src/opencv_hw/src/ROSInterface.cpp:46:3:[m[K [01;31m[Kerror: [m[Kexpected â€˜[01m[K}[m[Kâ€™ at end of input
   [01;31m[K}[m[K
   [01;31m[K^[m[K
CMakeFiles/opencv_hw.dir/build.make:86: recipe for target 'CMakeFiles/opencv_hw.dir/src/ROSInterface.cpp.o' failed
make[2]: *** [CMakeFiles/opencv_hw.dir/src/ROSInterface.cpp.o] Error 1
CMakeFiles/Makefile2:355: recipe for target 'CMakeFiles/opencv_hw.dir/all' failed
make[1]: *** [CMakeFiles/opencv_hw.dir/all] Error 2
Makefile:140: recipe for target 'all' failed
make: *** [all] Error 2
